"2025-06-17 22:13:21 {'title': 'PID-13696-TID-15528 \u5f00\u542f\u8bf7\u6c42\u8bc6\u522b'}"
"2025-06-17 22:13:21 {'title': 'PID-13696-TID-15528 \u5f00\u542f\u8bf7\u6c42\u8bc6\u522b'}"
"2025-06-17 22:13:21 {'title': 'PID-13696-TID-15528 \u5f00\u542f\u8bf7\u6c42\u8bc6\u522b'}"
"2025-06-17 22:13:21 {'title': 'PID-13696-TID-15528 \u5f00\u542f\u8bf7\u6c42\u8bc6\u522b'}"
"2025-06-17 22:13:21 {'title': 'PID-8136-TID-18008 \u5f00\u542f\u8bf7\u6c42\u8bc6\u522b'}"
"2025-06-17 22:13:21 {'title': 'PID-8136-TID-18008 \u5f00\u542f\u8bf7\u6c42\u8bc6\u522b'}"
"2025-06-17 22:13:21 {'title': 'PID-8136-TID-18008 \u5f00\u542f\u8bf7\u6c42\u8bc6\u522b'}"
"2025-06-17 22:13:21 {'title': 'PID-8136-TID-18008 \u5f00\u542f\u8bf7\u6c42\u8bc6\u522b'}"
"2025-06-17 22:13:21 {'title': 'PID-8136-TID-18008 \u5f02\u6b65\u8bf7\u6c42\u7ed3\u679c', 'content': {'result': True, 'time_span': 0.159, 'status': 200, 'data': {'detected_boxes': [[150, 180, 320, 220]], 'imageID': 'car_002.jpg', 'plate_numbers': ['\u6caaB98765']}}}"
"2025-06-17 22:13:21 {'title': 'PID-13696-TID-15528 \u5f02\u6b65\u8bf7\u6c42\u7ed3\u679c', 'content': {'result': True, 'time_span': 0.259, 'status': 200, 'data': {'detected_boxes': [[150, 180, 320, 220]], 'imageID': 'car_002.jpg', 'plate_numbers': ['\u6caaB98765']}}}"
"2025-06-17 22:13:21 {'title': 'PID-13696-TID-15528 \u5f02\u6b65\u8bf7\u6c42\u7ed3\u679c', 'content': {'result': True, 'time_span': 0.302, 'status': 200, 'data': {'detected_boxes': [[150, 180, 320, 220]], 'imageID': 'car_002.jpg', 'plate_numbers': ['\u6caaB98765']}}}"
"2025-06-17 22:13:21 {'title': 'PID-8136-TID-18008 \u5f02\u6b65\u8bf7\u6c42\u7ed3\u679c', 'content': {'result': True, 'time_span': 0.421, 'status': 200, 'data': {'detected_boxes': [[100, 200, 300, 250]], 'imageID': 'car_001.jpg', 'plate_numbers': ['\u4eacA12345']}}}"
"2025-06-17 22:13:21 {'title': 'PID-8136-TID-18008 \u5f02\u6b65\u8bf7\u6c42\u7ed3\u679c', 'content': {'result': True, 'time_span': 0.455, 'status': 200, 'data': {'detected_boxes': [[150, 180, 320, 220]], 'imageID': 'car_002.jpg', 'plate_numbers': ['\u6caaB98765']}}}"
"2025-06-17 22:13:21 {'title': 'PID-13696-TID-15528 \u5f02\u6b65\u8bf7\u6c42\u7ed3\u679c', 'content': {'result': True, 'time_span': 0.466, 'status': 200, 'data': {'detected_boxes': [[100, 200, 300, 250]], 'imageID': 'car_001.jpg', 'plate_numbers': ['\u4eacA12345']}}}"
"2025-06-17 22:13:21 {'title': 'PID-13696-TID-15528 \u5f02\u6b65\u8bf7\u6c42\u7ed3\u679c', 'content': {'result': True, 'time_span': 0.52, 'status': 200, 'data': {'detected_boxes': [[80, 150, 280, 200]], 'imageID': 'car_003.jpg', 'plate_numbers': ['\u7ca4Z54321']}}}"
"2025-06-17 22:13:21 {'title': 'PID-8136-TID-18008 \u5f02\u6b65\u8bf7\u6c42\u7ed3\u679c', 'content': {'result': True, 'time_span': 0.517, 'status': 200, 'data': {'detected_boxes': [[80, 150, 280, 200]], 'imageID': 'car_003.jpg', 'plate_numbers': ['\u7ca4Z54321']}}}"
"2025-06-17 22:13:21 {'title': 'PID-8136-TID-18008 \u5f02\u6b65\u8bf7\u6c42\u7ed3\u679c', 'content': {'result': True, 'time_span': 0.527, 'status': 200, 'data': {'detected_boxes': [[100, 200, 300, 250]], 'imageID': 'car_001.jpg', 'plate_numbers': ['\u4eacA12345']}}}"
"2025-06-17 22:13:21 {'title': 'PID-8136-TID-18008 \u5f02\u6b65\u8bf7\u6c42\u7ed3\u679c', 'content': {'result': True, 'time_span': 0.613, 'status': 200, 'data': {'detected_boxes': [[80, 150, 280, 200]], 'imageID': 'car_003.jpg', 'plate_numbers': ['\u7ca4Z54321']}}}"
"2025-06-17 22:13:21 {'title': 'PID-13696-TID-15528 \u5f02\u6b65\u8bf7\u6c42\u7ed3\u679c', 'content': {'result': True, 'time_span': 0.624, 'status': 200, 'data': {'detected_boxes': [[100, 200, 300, 250]], 'imageID': 'car_001.jpg', 'plate_numbers': ['\u4eacA12345']}}}"
"2025-06-17 22:13:21 {'title': 'PID-13696-TID-15528 \u5f02\u6b65\u8bf7\u6c42\u7ed3\u679c', 'content': {'result': True, 'time_span': 0.689, 'status': 500, 'data': {'detected_boxes': [[100, 200, 300, 250]], 'imageID': 'car_001.jpg', 'plate_numbers': ['\u4eacA12345']}, 'message': \"<ClientResponse(http://localhost:5000/ocr/carplate) [500 INTERNAL SERVER ERROR]>\\n<CIMultiDictProxy('Content-Type': 'application/json', 'Content-Length': '34', 'Server': 'Werkzeug/1.0.1 Python/3.8.3', 'Date': 'Tue, 17 Jun 2025 14:13:20 GMT')>\\n\"}}"
"2025-06-17 22:13:23 {'title': 'PID-8136-TID-18008 \u9000\u51fa\u7ebf\u7a0b'}"
"2025-06-17 22:13:23 {'title': 'PID-8136-TID-18008 \u9000\u51fa\u7ebf\u7a0b'}"
"2025-06-17 22:13:23 {'title': 'PID-13696-TID-15528 \u9000\u51fa\u7ebf\u7a0b'}"
"2025-06-17 22:13:23 {'title': 'PID-13696-TID-15528 \u9000\u51fa\u7ebf\u7a0b'}"
