"2025-06-17 21:55:10 {'title': 'PID-4704-TID-15700 \u5f00\u542f\u8bf7\u6c42\u8bc6\u522b'}"
"2025-06-17 21:55:10 {'title': 'PID-4704-TID-15700 \u5f00\u542f\u8bf7\u6c42\u8bc6\u522b'}"
"2025-06-17 21:55:10 {'title': 'PID-4704-TID-15700 \u5f00\u542f\u8bf7\u6c42\u8bc6\u522b'}"
"2025-06-17 21:55:10 {'title': 'PID-4704-TID-15700 \u5f00\u542f\u8bf7\u6c42\u8bc6\u522b'}"
"2025-06-17 21:55:10 {'title': 'PID-9244-TID-12136 \u5f00\u542f\u8bf7\u6c42\u8bc6\u522b'}"
"2025-06-17 21:55:10 {'title': 'PID-9244-TID-12136 \u5f00\u542f\u8bf7\u6c42\u8bc6\u522b'}"
"2025-06-17 21:55:10 {'title': 'PID-9244-TID-12136 \u5f00\u542f\u8bf7\u6c42\u8bc6\u522b'}"
"2025-06-17 21:55:10 {'title': 'PID-9244-TID-12136 \u5f00\u542f\u8bf7\u6c42\u8bc6\u522b'}"
"2025-06-17 21:55:10 {'title': 'PID-9244-TID-12136 \u5f02\u6b65\u8bf7\u6c42\u7ed3\u679c', 'content': {'result': True, 'time_span': 0.188, 'status': 200, 'data': {'detected_boxes': [[150, 180, 320, 220]], 'imageID': 'car_002.jpg', 'plate_numbers': ['\u6caaB98765']}}}"
"2025-06-17 21:55:10 {'title': 'PID-4704-TID-15700 \u5f02\u6b65\u8bf7\u6c42\u7ed3\u679c', 'content': {'result': True, 'time_span': 0.302, 'status': 200, 'data': {'detected_boxes': [[150, 180, 320, 220]], 'imageID': 'car_002.jpg', 'plate_numbers': ['\u6caaB98765']}}}"
"2025-06-17 21:55:10 {'title': 'PID-4704-TID-15700 \u5f02\u6b65\u8bf7\u6c42\u7ed3\u679c', 'content': {'result': True, 'time_span': 0.408, 'status': 200, 'data': {'detected_boxes': [[80, 150, 280, 200]], 'imageID': 'car_003.jpg', 'plate_numbers': ['\u7ca4Z54321']}}}"
"2025-06-17 21:55:10 {'title': 'PID-4704-TID-15700 \u5f02\u6b65\u8bf7\u6c42\u7ed3\u679c', 'content': {'result': True, 'time_span': 0.456, 'status': 200, 'data': {'detected_boxes': [[150, 180, 320, 220]], 'imageID': 'car_002.jpg', 'plate_numbers': ['\u6caaB98765']}}}"
"2025-06-17 21:55:10 {'title': 'PID-4704-TID-15700 \u5f02\u6b65\u8bf7\u6c42\u7ed3\u679c', 'content': {'result': True, 'time_span': 0.469, 'status': 200, 'data': {'detected_boxes': [[100, 200, 300, 250]], 'imageID': 'car_001.jpg', 'plate_numbers': ['\u4eacA12345']}}}"
"2025-06-17 21:55:10 {'title': 'PID-9244-TID-12136 \u5f02\u6b65\u8bf7\u6c42\u7ed3\u679c', 'content': {'result': False, 'time_span': 0.492, 'status': 500, 'message': \"<ClientResponse(http://localhost:5000/ocr/carplate) [500 INTERNAL SERVER ERROR]>\\n<CIMultiDictProxy('Content-Type': 'application/json', 'Content-Length': '34', 'Server': 'Werkzeug/1.0.1 Python/3.8.3', 'Date': 'Tue, 17 Jun 2025 13:55:10 GMT')>\\n\"}}"
"2025-06-17 21:55:10 {'title': 'PID-4704-TID-15700 \u5f02\u6b65\u8bf7\u6c42\u7ed3\u679c', 'content': {'result': True, 'time_span': 0.56, 'status': 200, 'data': {'detected_boxes': [[80, 150, 280, 200]], 'imageID': 'car_003.jpg', 'plate_numbers': ['\u7ca4Z54321']}}}"
"2025-06-17 21:55:10 {'title': 'PID-9244-TID-12136 \u5f02\u6b65\u8bf7\u6c42\u7ed3\u679c', 'content': {'result': True, 'time_span': 0.573, 'status': 200, 'data': {'detected_boxes': [[100, 200, 300, 250]], 'imageID': 'car_001.jpg', 'plate_numbers': ['\u4eacA12345']}}}"
"2025-06-17 21:55:10 {'title': 'PID-4704-TID-15700 \u5f02\u6b65\u8bf7\u6c42\u7ed3\u679c', 'content': {'result': True, 'time_span': 0.643, 'status': 500, 'data': {'detected_boxes': [[150, 180, 320, 220]], 'imageID': 'car_002.jpg', 'plate_numbers': ['\u6caaB98765']}, 'message': \"<ClientResponse(http://localhost:5000/ocr/carplate) [500 INTERNAL SERVER ERROR]>\\n<CIMultiDictProxy('Content-Type': 'application/json', 'Content-Length': '34', 'Server': 'Werkzeug/1.0.1 Python/3.8.3', 'Date': 'Tue, 17 Jun 2025 13:55:10 GMT')>\\n\"}}"
"2025-06-17 21:55:10 {'title': 'PID-9244-TID-12136 \u5f02\u6b65\u8bf7\u6c42\u7ed3\u679c', 'content': {'result': True, 'time_span': 0.65, 'status': 200, 'message': \"<ClientResponse(http://localhost:5000/ocr/carplate) [500 INTERNAL SERVER ERROR]>\\n<CIMultiDictProxy('Content-Type': 'application/json', 'Content-Length': '34', 'Server': 'Werkzeug/1.0.1 Python/3.8.3', 'Date': 'Tue, 17 Jun 2025 13:55:10 GMT')>\\n\", 'data': {'detected_boxes': [[100, 200, 300, 250]], 'imageID': 'car_001.jpg', 'plate_numbers': ['\u4eacA12345']}}}"
"2025-06-17 21:55:10 {'title': 'PID-9244-TID-12136 \u5f02\u6b65\u8bf7\u6c42\u7ed3\u679c', 'content': {'result': True, 'time_span': 0.715, 'status': 200, 'message': \"<ClientResponse(http://localhost:5000/ocr/carplate) [500 INTERNAL SERVER ERROR]>\\n<CIMultiDictProxy('Content-Type': 'application/json', 'Content-Length': '34', 'Server': 'Werkzeug/1.0.1 Python/3.8.3', 'Date': 'Tue, 17 Jun 2025 13:55:10 GMT')>\\n\", 'data': {'detected_boxes': [[80, 150, 280, 200]], 'imageID': 'car_003.jpg', 'plate_numbers': ['\u7ca4Z54321']}}}"
"2025-06-17 21:55:10 {'title': 'PID-9244-TID-12136 \u5f02\u6b65\u8bf7\u6c42\u7ed3\u679c', 'content': {'result': True, 'time_span': 0.771, 'status': 200, 'data': {'detected_boxes': [[80, 150, 280, 200]], 'imageID': 'car_003.jpg', 'plate_numbers': ['\u7ca4Z54321']}}}"
"2025-06-17 21:55:13 {'title': 'PID-4704-TID-15700 \u9000\u51fa\u7ebf\u7a0b'}"
"2025-06-17 21:55:13 {'title': 'PID-4704-TID-15700 \u9000\u51fa\u7ebf\u7a0b'}"
"2025-06-17 21:55:13 {'title': 'PID-9244-TID-12136 \u9000\u51fa\u7ebf\u7a0b'}"
"2025-06-17 21:55:13 {'title': 'PID-9244-TID-12136 \u9000\u51fa\u7ebf\u7a0b'}"
